This is pdfTeX, Version 3.14159265-2.6-1.40.21 (TeX Live 2020/Debian) (preloaded format=pdflatex 2020.5.15)  30 MAY 2020 20:13
entering extended mode
 restricted \write18 enabled.
 %&-line parsing enabled.
**apuntes.tex
(./apuntes.tex
LaTeX2e <2020-02-02> patch level 5
L3 programming layer <2020-04-06>
(/usr/share/texlive/texmf-dist/tex/latex/base/book.cls
Document Class: book 2019/12/20 v1.4l Standard LaTeX document class
(/usr/share/texlive/texmf-dist/tex/latex/base/bk10.clo
File: bk10.clo 2019/12/20 v1.4l Standard LaTeX file (size option)
)
\c@part=\count167
\c@chapter=\count168
\c@section=\count169
\c@subsection=\count170
\c@subsubsection=\count171
\c@paragraph=\count172
\c@subparagraph=\count173
\c@figure=\count174
\c@table=\count175
\abovecaptionskip=\skip47
\belowcaptionskip=\skip48
\bibindent=\dimen134
)
(/usr/share/texlive/texmf-dist/tex/generic/babel/babel.sty
Package: babel 2020/03/22 3.42 The Babel package

(/usr/share/texlive/texmf-dist/tex/generic/babel/switch.def
File: switch.def 2020/03/22 3.42 Babel switching mechanism
)

! Package babel Error: Unknown option `spanish'. Either you misspelled it
(babel)                or the language definition file spanish.ldf was not foun
d.

See the babel package documentation for explanation.
Type  H <return>  for immediate help.
 ...                                              
                                                  
l.543 \ProcessOptions*
                      
? 
Package babel Info: You haven't specified a language. I'll use 'nil'
(babel)             as the main language. Reported on input line 573.
(/usr/share/texlive/texmf-dist/tex/generic/babel/nil.ldf
Language: nil 2020/03/22 3.42 Nil language

(/usr/share/texlive/texmf-dist/tex/generic/babel/babel.def
File: babel.def 2020/03/22 3.42 Babel common definitions
\babel@savecnt=\count176
\U@D=\dimen135

(/usr/share/texlive/texmf-dist/tex/generic/babel/txtbabel.def)
\bbl@readstream=\read2
\bbl@dirlevel=\count177
)
\l@nil=\language3
))
(/usr/share/texlive/texmf-dist/tex/latex/base/inputenc.sty
Package: inputenc 2018/08/11 v1.3c Input encoding file
\inpenc@prehook=\toks15
\inpenc@posthook=\toks16
)
(/usr/share/texlive/texmf-dist/tex/latex/base/fontenc.sty
Package: fontenc 2020/02/11 v2.0o Standard LaTeX package
)
(/usr/share/texlive/texmf-dist/tex/latex/float/float.sty
Package: float 2001/11/08 v1.3d Float enhancements (AL)
\c@float@type=\count178
\float@exts=\toks17
\float@box=\box45
\@float@everytoks=\toks18
\@floatcapt=\box46
)
(/usr/share/texlive/texmf-dist/tex/latex/setspace/setspace.sty
Package: setspace 2011/12/19 v6.7a set line spacing
)
(/usr/share/texlive/texmf-dist/tex/latex/caption/subcaption.sty
Package: subcaption 2020/01/22 v1.3d Sub-captions (AR)

(/usr/share/texlive/texmf-dist/tex/latex/caption/caption.sty
Package: caption 2020/01/03 v3.4h Customizing captions (AR)

(/usr/share/texlive/texmf-dist/tex/latex/caption/caption3.sty
Package: caption3 2020/01/03 v1.8h caption3 kernel (AR)
Package caption3 Info: TeX engine: e-TeX on input line 61.

(/usr/share/texlive/texmf-dist/tex/latex/graphics/keyval.sty
Package: keyval 2014/10/28 v1.15 key=value parser (DPC)
\KV@toks@=\toks19
)
\captionmargin=\dimen136
\captionmargin@=\dimen137
\captionwidth=\dimen138
\caption@tempdima=\dimen139
\caption@indent=\dimen140
\caption@parindent=\dimen141
\caption@hangindent=\dimen142
Package caption Info: Standard document class detected.
)
\c@caption@flags=\count179
\c@continuedfloat=\count180
Package caption Info: float package is loaded.
)
\c@subfigure=\count181
\c@subtable=\count182
)

! LaTeX Error: File `multirow.sty' not found.

Type X to quit or <RETURN> to proceed,
or enter new name. (Default extension: sty)

Enter file name: 
(/usr/share/texlive/texmf-dist/tex/latex/tools/multicol.sty
Package: multicol 2019/12/09 v1.8y multicolumn formatting (FMi)
\c@tracingmulticols=\count183
\mult@box=\box47
\multicol@leftmargin=\dimen143
\c@unbalance=\count184
\c@collectmore=\count185
\doublecol@number=\count186
\multicoltolerance=\count187
\multicolpretolerance=\count188
\full@width=\dimen144
\page@free=\dimen145
\premulticols=\dimen146
\postmulticols=\dimen147
\multicolsep=\skip49
\multicolbaselineskip=\skip50
\partial@page=\box48
\last@line=\box49
\maxbalancingoverflow=\dimen148
\mult@rightbox=\box50
\mult@grightbox=\box51
\mult@gfirstbox=\box52
\mult@firstbox=\box53
\@tempa=\box54
\@tempa=\box55
\@tempa=\box56
\@tempa=\box57
\@tempa=\box58
\@tempa=\box59
\@tempa=\box60
\@tempa=\box61
\@tempa=\box62
\@tempa=\box63
\@tempa=\box64
\@tempa=\box65
\@tempa=\box66
\@tempa=\box67
\@tempa=\box68
\@tempa=\box69
\@tempa=\box70
\@tempa=\box71
\@tempa=\box72
\@tempa=\box73
\@tempa=\box74
\@tempa=\box75
\@tempa=\box76
\@tempa=\box77
\@tempa=\box78
\@tempa=\box79
\@tempa=\box80
\@tempa=\box81
\@tempa=\box82
\@tempa=\box83
\@tempa=\box84
\@tempa=\box85
\@tempa=\box86
\@tempa=\box87
\@tempa=\box88
\@tempa=\box89
\@tempa=\box90
\c@minrows=\count189
\c@columnbadness=\count190
\c@finalcolumnbadness=\count191
\last@try=\dimen149
\multicolovershoot=\dimen150
\multicolundershoot=\dimen151
\mult@nat@firstbox=\box91
\colbreak@box=\box92
\mc@col@check@num=\count192
)

! LaTeX Error: File `flushend.sty' not found.

Type X to quit or <RETURN> to proceed,
or enter new name. (Default extension: sty)

Enter file name: 

! LaTeX Error: File `dblfloatfix.sty' not found.

Type X to quit or <RETURN> to proceed,
or enter new name. (Default extension: sty)

Enter file name: 
(/usr/share/texlive/texmf-dist/tex/latex/pxfonts/pxfonts.sty
Package: pxfonts 2008/01/22 v1.1.1
LaTeX Font Info:    Redeclaring symbol font `operators' on input line 21.
LaTeX Font Info:    Overwriting symbol font `operators' in version `normal'
(Font)                  OT1/cmr/m/n --> OT1/pxr/m/n on input line 21.
LaTeX Font Info:    Overwriting symbol font `operators' in version `bold'
(Font)                  OT1/cmr/bx/n --> OT1/pxr/m/n on input line 21.
LaTeX Font Info:    Overwriting symbol font `operators' in version `bold'
(Font)                  OT1/pxr/m/n --> OT1/pxr/bx/n on input line 22.
\symitalic=\mathgroup4
LaTeX Font Info:    Overwriting symbol font `italic' in version `bold'
(Font)                  OT1/pxr/m/it --> OT1/pxr/bx/it on input line 26.
LaTeX Font Info:    Redeclaring math alphabet \mathbf on input line 29.
LaTeX Font Info:    Overwriting math alphabet `\mathbf' in version `normal'
(Font)                  OT1/cmr/bx/n --> OT1/pxr/bx/n on input line 29.
LaTeX Font Info:    Overwriting math alphabet `\mathbf' in version `bold'
(Font)                  OT1/cmr/bx/n --> OT1/pxr/bx/n on input line 29.
LaTeX Font Info:    Redeclaring math alphabet \mathit on input line 30.
LaTeX Font Info:    Overwriting math alphabet `\mathit' in version `normal'
(Font)                  OT1/cmr/m/it --> OT1/pxr/m/it on input line 30.
LaTeX Font Info:    Overwriting math alphabet `\mathit' in version `bold'
(Font)                  OT1/cmr/bx/it --> OT1/pxr/m/it on input line 30.
LaTeX Font Info:    Overwriting math alphabet `\mathit' in version `bold'
(Font)                  OT1/pxr/m/it --> OT1/pxr/bx/it on input line 31.
LaTeX Font Info:    Redeclaring math alphabet \mathsf on input line 40.
LaTeX Font Info:    Overwriting math alphabet `\mathsf' in version `normal'
(Font)                  OT1/cmss/m/n --> OT1/pxss/m/n on input line 40.
LaTeX Font Info:    Overwriting math alphabet `\mathsf' in version `bold'
(Font)                  OT1/cmss/bx/n --> OT1/pxss/m/n on input line 40.
LaTeX Font Info:    Overwriting math alphabet `\mathsf' in version `bold'
(Font)                  OT1/pxss/m/n --> OT1/pxss/b/n on input line 41.
LaTeX Font Info:    Redeclaring math alphabet \mathtt on input line 50.
LaTeX Font Info:    Overwriting math alphabet `\mathtt' in version `normal'
(Font)                  OT1/cmtt/m/n --> OT1/pxtt/m/n on input line 50.
LaTeX Font Info:    Overwriting math alphabet `\mathtt' in version `bold'
(Font)                  OT1/cmtt/m/n --> OT1/pxtt/m/n on input line 50.
LaTeX Font Info:    Overwriting math alphabet `\mathtt' in version `bold'
(Font)                  OT1/pxtt/m/n --> OT1/pxtt/b/n on input line 51.
LaTeX Font Info:    Redeclaring symbol font `letters' on input line 58.
LaTeX Font Info:    Overwriting symbol font `letters' in version `normal'
(Font)                  OML/cmm/m/it --> OML/pxmi/m/it on input line 58.
LaTeX Font Info:    Overwriting symbol font `letters' in version `bold'
(Font)                  OML/cmm/b/it --> OML/pxmi/m/it on input line 58.
LaTeX Font Info:    Overwriting symbol font `letters' in version `bold'
(Font)                  OML/pxmi/m/it --> OML/pxmi/bx/it on input line 59.
\symlettersA=\mathgroup5
LaTeX Font Info:    Overwriting symbol font `lettersA' in version `bold'
(Font)                  U/pxmia/m/it --> U/pxmia/bx/it on input line 67.
LaTeX Font Info:    Redeclaring symbol font `symbols' on input line 77.
LaTeX Font Info:    Overwriting symbol font `symbols' in version `normal'
(Font)                  OMS/cmsy/m/n --> OMS/pxsy/m/n on input line 77.
LaTeX Font Info:    Overwriting symbol font `symbols' in version `bold'
(Font)                  OMS/cmsy/b/n --> OMS/pxsy/m/n on input line 77.
LaTeX Font Info:    Overwriting symbol font `symbols' in version `bold'
(Font)                  OMS/pxsy/m/n --> OMS/pxsy/bx/n on input line 78.
\symAMSa=\mathgroup6
LaTeX Font Info:    Overwriting symbol font `AMSa' in version `bold'
(Font)                  U/pxsya/m/n --> U/pxsya/bx/n on input line 94.
\symAMSb=\mathgroup7
LaTeX Font Info:    Overwriting symbol font `AMSb' in version `bold'
(Font)                  U/pxsyb/m/n --> U/pxsyb/bx/n on input line 103.
\symsymbolsC=\mathgroup8
LaTeX Font Info:    Overwriting symbol font `symbolsC' in version `bold'
(Font)                  U/pxsyc/m/n --> U/pxsyc/bx/n on input line 113.
LaTeX Font Info:    Redeclaring symbol font `largesymbols' on input line 120.
LaTeX Font Info:    Overwriting symbol font `largesymbols' in version `normal'
(Font)                  OMX/cmex/m/n --> OMX/pxex/m/n on input line 120.
LaTeX Font Info:    Overwriting symbol font `largesymbols' in version `bold'
(Font)                  OMX/cmex/m/n --> OMX/pxex/m/n on input line 120.
LaTeX Font Info:    Overwriting symbol font `largesymbols' in version `bold'
(Font)                  OMX/pxex/m/n --> OMX/pxex/bx/n on input line 121.
\symlargesymbolsA=\mathgroup9
LaTeX Font Info:    Overwriting symbol font `largesymbolsA' in version `bold'
(Font)                  U/pxexa/m/n --> U/pxexa/bx/n on input line 129.
LaTeX Font Info:    Redeclaring math symbol \mathsterling on input line 164.
LaTeX Font Info:    Redeclaring math symbol \hbar on input line 591.
LaTeX Info: Redefining \not on input line 997.
)

! LaTeX Error: File `mdframed.sty' not found.

Type X to quit or <RETURN> to proceed,
or enter new name. (Default extension: sty)

Enter file name: 
(/usr/share/texlive/texmf-dist/tex/latex/xcolor/xcolor.sty
Package: xcolor 2016/05/11 v2.12 LaTeX color extensions (UK)

(/usr/share/texlive/texmf-dist/tex/latex/graphics-cfg/color.cfg
File: color.cfg 2016/01/02 v1.6 sample color configuration
)
Package xcolor Info: Driver file: pdftex.def on input line 225.

(/usr/share/texlive/texmf-dist/tex/latex/graphics-def/pdftex.def
File: pdftex.def 2018/01/08 v1.0l Graphics/color driver for pdftex
)
Package xcolor Info: Model `cmy' substituted by `cmy0' on input line 1348.
Package xcolor Info: Model `hsb' substituted by `rgb' on input line 1352.
Package xcolor Info: Model `RGB' extended on input line 1364.
Package xcolor Info: Model `HTML' substituted by `rgb' on input line 1366.
Package xcolor Info: Model `Hsb' substituted by `hsb' on input line 1367.
Package xcolor Info: Model `tHsb' substituted by `hsb' on input line 1368.
Package xcolor Info: Model `HSB' substituted by `hsb' on input line 1369.
Package xcolor Info: Model `Gray' substituted by `gray' on input line 1370.
Package xcolor Info: Model `wave' substituted by `hsb' on input line 1371.
)
(/usr/share/texlive/texmf-dist/tex/latex/graphics/graphicx.sty
Package: graphicx 2019/11/30 v1.2a Enhanced LaTeX Graphics (DPC,SPQR)

(/usr/share/texlive/texmf-dist/tex/latex/graphics/graphics.sty
Package: graphics 2019/11/30 v1.4a Standard LaTeX Graphics (DPC,SPQR)

(/usr/share/texlive/texmf-dist/tex/latex/graphics/trig.sty
Package: trig 2016/01/03 v1.10 sin cos tan (DPC)
)
(/usr/share/texlive/texmf-dist/tex/latex/graphics-cfg/graphics.cfg
File: graphics.cfg 2016/06/04 v1.11 sample graphics configuration
)
Package graphics Info: Driver file: pdftex.def on input line 105.
)
\Gin@req@height=\dimen152
\Gin@req@width=\dimen153
)
(/usr/share/texlive/texmf-dist/tex/latex/amscls/amsthm.sty
Package: amsthm 2017/10/31 v2.20.4
\thm@style=\toks20
\thm@bodyfont=\toks21
\thm@headfont=\toks22
\thm@notefont=\toks23
\thm@headpunct=\toks24
\thm@preskip=\skip51
\thm@postskip=\skip52
\thm@headsep=\skip53
\dth@everypar=\toks25


! LaTeX Error: Command \openbox already defined.
               Or name \end... illegal, see p.192 of the manual.

See the LaTeX manual or LaTeX Companion for explanation.
Type  H <return>  for immediate help.
 ...                                              
                                                  
l.427   \vrule\hfil}}
                     
? 
LaTeX Info: Redefining \textsquare on input line 428.
) (/usr/share/texlive/texmf-dist/tex/latex/geometry/geometry.sty
Package: geometry 2020/01/02 v5.9 Page Geometry

(/usr/share/texlive/texmf-dist/tex/generic/iftex/ifvtex.sty
Package: ifvtex 2019/10/25 v1.7 ifvtex legacy package. Use iftex instead.

(/usr/share/texlive/texmf-dist/tex/generic/iftex/iftex.sty
Package: iftex 2020/03/06 v1.0d TeX engine tests
))
\Gm@cnth=\count193
\Gm@cntv=\count194
\c@Gm@tempcnt=\count195
\Gm@bindingoffset=\dimen154
\Gm@wd@mp=\dimen155
\Gm@odd@mp=\dimen156
\Gm@even@mp=\dimen157
\Gm@layoutwidth=\dimen158
\Gm@layoutheight=\dimen159
\Gm@layouthoffset=\dimen160
\Gm@layoutvoffset=\dimen161
\Gm@dimlist=\toks26
)

! LaTeX Error: File `adjustbox.sty' not found.

Type X to quit or <RETURN> to proceed,
or enter new name. (Default extension: sty)

Enter file name: 

! LaTeX Error: Unknown option `export' for package `adjustbox'.

See the LaTeX manual or LaTeX Companion for explanation.
Type  H <return>  for immediate help.
 ...                                              
                                                  
l.22 \usepackage
                {booktabs}
? 
(/usr/share/texlive/texmf-dist/tex/latex/booktabs/booktabs.sty
Package: booktabs 2020/01/12 v1.61803398 Publication quality tables
\heavyrulewidth=\dimen162
\lightrulewidth=\dimen163
\cmidrulewidth=\dimen164
\belowrulesep=\dimen165
\belowbottomsep=\dimen166
\aboverulesep=\dimen167
\abovetopsep=\dimen168
\cmidrulesep=\dimen169
\cmidrulekern=\dimen170
\defaultaddspace=\dimen171
\@cmidla=\count196
\@cmidlb=\count197
\@aboverulesep=\dimen172
\@belowrulesep=\dimen173
\@thisruleclass=\count198
\@lastruleclass=\count199
\@thisrulewidth=\dimen174
)
(/usr/share/texlive/texmf-dist/tex/latex/biblatex-chicago/biblatex-chicago.sty
Package: biblatex-chicago 2018/01/10 v 3.10 biblatex style

(/usr/share/texlive/texmf-dist/tex/latex/etoolbox/etoolbox.sty
Package: etoolbox 2019/09/21 v2.5h e-TeX tools for LaTeX (JAW)
\etb@tempcnta=\count266
)
(/usr/share/texlive/texmf-dist/tex/latex/biblatex/biblatex.sty
Package: biblatex 2019/12/01 v3.14 programmable bibliographies (PK/MW)

(/usr/share/texlive/texmf-dist/tex/latex/pdftexcmds/pdftexcmds.sty
Package: pdftexcmds 2019/11/24 v0.31 Utility functions of pdfTeX for LuaTeX (HO
)

(/usr/share/texlive/texmf-dist/tex/generic/infwarerr/infwarerr.sty
Package: infwarerr 2019/12/03 v1.5 Providing info/warning/error messages (HO)
)
(/usr/share/texlive/texmf-dist/tex/generic/ltxcmds/ltxcmds.sty
Package: ltxcmds 2019/12/15 v1.24 LaTeX kernel commands for general use (HO)
)
Package pdftexcmds Info: \pdf@primitive is available.
Package pdftexcmds Info: \pdf@ifprimitive is available.
Package pdftexcmds Info: \pdfdraftmode found.
)
(/usr/share/texlive/texmf-dist/tex/latex/kvoptions/kvoptions.sty
Package: kvoptions 2019/11/29 v3.13 Key value format for package options (HO)

(/usr/share/texlive/texmf-dist/tex/generic/kvsetkeys/kvsetkeys.sty
Package: kvsetkeys 2019/12/15 v1.18 Key value parser (HO)
))
(/usr/share/texlive/texmf-dist/tex/latex/logreq/logreq.sty
Package: logreq 2010/08/04 v1.0 xml request logger
\lrq@indent=\count267

(/usr/share/texlive/texmf-dist/tex/latex/logreq/logreq.def
File: logreq.def 2010/08/04 v1.0 logreq spec v1.0
))
(/usr/share/texlive/texmf-dist/tex/latex/base/ifthen.sty
Package: ifthen 2014/09/29 v1.1c Standard LaTeX ifthen package (DPC)
)
(/usr/share/texlive/texmf-dist/tex/latex/url/url.sty
\Urlmuskip=\muskip16
Package: url 2013/09/16  ver 3.4  Verb mode for urls, etc.
)
\c@tabx@nest=\count268
\c@listtotal=\count269
\c@listcount=\count270
\c@liststart=\count271
\c@liststop=\count272
\c@citecount=\count273
\c@citetotal=\count274
\c@multicitecount=\count275
\c@multicitetotal=\count276
\c@instcount=\count277
\c@maxnames=\count278
\c@minnames=\count279
\c@maxitems=\count280
\c@minitems=\count281
\c@citecounter=\count282
\c@maxcitecounter=\count283
\c@savedcitecounter=\count284
\c@uniquelist=\count285
\c@uniquename=\count286
\c@refsection=\count287
\c@refsegment=\count288
\c@maxextratitle=\count289
\c@maxextratitleyear=\count290
\c@maxextraname=\count291
\c@maxextradate=\count292
\c@maxextraalpha=\count293
\c@abbrvpenalty=\count294
\c@highnamepenalty=\count295
\c@lownamepenalty=\count296
\c@maxparens=\count297
\c@parenlevel=\count298
\blx@tempcnta=\count299
\blx@tempcntb=\count300
\blx@tempcntc=\count301
\blx@maxsection=\count302
\blx@maxsegment@0=\count303
\blx@notetype=\count304
\blx@parenlevel@text=\count305
\blx@parenlevel@foot=\count306
\blx@sectionciteorder@0=\count307
\blx@entrysetcounter=\count308
\labelnumberwidth=\skip54
\labelalphawidth=\skip55
\biblabelsep=\skip56
\bibitemsep=\skip57
\bibnamesep=\skip58
\bibinitsep=\skip59
\bibparsep=\skip60
\bibhang=\skip61
\blx@bcfin=\read3
\blx@bcfout=\write3
\blx@langwohyphens=\language4
\c@mincomprange=\count309
\c@maxcomprange=\count310
\c@mincompwidth=\count311
Package biblatex Info: Trying to load biblatex default data model...
Package biblatex Info: ... file 'blx-dm.def' found.

(/usr/share/texlive/texmf-dist/tex/latex/biblatex/blx-dm.def
File: blx-dm.def 2019/12/01 v3.14 biblatex localization (PK/MW)
)
Package biblatex Info: Trying to load biblatex style data model...
Package biblatex Info: ... file 'chicago-notes.dbx' not found.
Package biblatex Info: Trying to load biblatex custom data model...
Package biblatex Info: ... file 'biblatex-dm.cfg' not found.
\c@afterword=\count312
\c@savedafterword=\count313
\c@annotator=\count314
\c@savedannotator=\count315
\c@author=\count316
\c@savedauthor=\count317
\c@bookauthor=\count318
\c@savedbookauthor=\count319
\c@commentator=\count320
\c@savedcommentator=\count321
\c@editor=\count322
\c@savededitor=\count323
\c@editora=\count324
\c@savededitora=\count325
\c@editorb=\count326
\c@savededitorb=\count327
\c@editorc=\count328
\c@savededitorc=\count329
\c@foreword=\count330
\c@savedforeword=\count331
\c@holder=\count332
\c@savedholder=\count333
\c@introduction=\count334
\c@savedintroduction=\count335
\c@namea=\count336
\c@savednamea=\count337
\c@nameb=\count338
\c@savednameb=\count339
\c@namec=\count340
\c@savednamec=\count341
\c@translator=\count342
\c@savedtranslator=\count343
\c@shortauthor=\count344
\c@savedshortauthor=\count345
\c@shorteditor=\count346
\c@savedshorteditor=\count347
\c@labelname=\count348
\c@savedlabelname=\count349
\c@institution=\count350
\c@savedinstitution=\count351
\c@lista=\count352
\c@savedlista=\count353
\c@listb=\count354
\c@savedlistb=\count355
\c@listc=\count356
\c@savedlistc=\count357
\c@listd=\count358
\c@savedlistd=\count359
\c@liste=\count360
\c@savedliste=\count361
\c@listf=\count362
\c@savedlistf=\count363
\c@location=\count364
\c@savedlocation=\count365
\c@organization=\count366
\c@savedorganization=\count367
\c@origlocation=\count368
\c@savedoriglocation=\count369
\c@origpublisher=\count370
\c@savedorigpublisher=\count371
\c@publisher=\count372
\c@savedpublisher=\count373
\c@language=\count374
\c@savedlanguage=\count375
\c@origlanguage=\count376
\c@savedoriglanguage=\count377
\c@pageref=\count378
\c@savedpageref=\count379
\shorthandwidth=\skip62
\shortjournalwidth=\skip63
\shortserieswidth=\skip64
\shorttitlewidth=\skip65
\shortauthorwidth=\skip66
\shorteditorwidth=\skip67
\locallabelnumberwidth=\skip68
\locallabelalphawidth=\skip69
\localshorthandwidth=\skip70
\localshortjournalwidth=\skip71
\localshortserieswidth=\skip72
\localshorttitlewidth=\skip73
\localshortauthorwidth=\skip74
\localshorteditorwidth=\skip75
Package biblatex Info: Trying to load compatibility code...
Package biblatex Info: ... file 'blx-compat.def' found.

(/usr/share/texlive/texmf-dist/tex/latex/biblatex/blx-compat.def
File: blx-compat.def 2019/12/01 v3.14 biblatex compatibility (PK/MW)
)
Package biblatex Info: Trying to load generic definitions...
Package biblatex Info: ... file 'biblatex.def' found.

(/usr/share/texlive/texmf-dist/tex/latex/biblatex/biblatex.def
File: biblatex.def 2019/12/01 v3.14 biblatex compatibility (PK/MW)
\c@textcitecount=\count380
\c@textcitetotal=\count381
\c@textcitemaxnames=\count382
\c@biburlbigbreakpenalty=\count383
\c@biburlbreakpenalty=\count384
\c@biburlnumpenalty=\count385
\c@biburlucpenalty=\count386
\c@biburllcpenalty=\count387
\biburlbigskip=\muskip17
\biburlnumskip=\muskip18
\biburlucskip=\muskip19
\biburllcskip=\muskip20
\c@smartand=\count388
)
Package biblatex Info: Trying to load bibliography style 'chicago-notes'...
Package biblatex Info: ... file 'chicago-notes.bbx' found.

(/usr/share/texlive/texmf-dist/tex/latex/biblatex-chicago/chicago-notes.bbx
File: chicago-notes.bbx 2018/01/11 v 3.10 biblatex bibliography style
\lositemsep=\skip76
\c@bbx:relatedcount=\count389
\c@bbx:relatedtotal=\count390
)
Package biblatex Info: Trying to load citation style 'chicago-notes'...
Package biblatex Info: ... file 'chicago-notes.cbx' found.

(/usr/share/texlive/texmf-dist/tex/latex/biblatex-chicago/chicago-notes.cbx
File: chicago-notes.cbx 2018/01/10 v 3.10 biblatex citation style
Package biblatex Info: Redefining '\cite'.
Package biblatex Info: Redefining '\parencite'.
Package biblatex Info: Redefining '\footcite'.
Package biblatex Info: Redefining '\smartcite'.
Package biblatex Info: Redefining '\smartcites'.
Package biblatex Info: Redefining '\footfullcite'.
Package biblatex Info: Redefining '\fullcite'.
Package biblatex Info: Redefining '\citeauthor'.
Package biblatex Info: Redefining '\textcite'.
Package biblatex Info: Redefining '\textcites'.
Package biblatex Info: Patching 'autolang=other' option.
)
Package biblatex Info: Trying to load configuration file...
Package biblatex Info: ... file 'biblatex.cfg' found.

(/usr/share/texlive/texmf-dist/tex/latex/biblatex/biblatex.cfg
File: biblatex.cfg 
)))
(/usr/share/texlive/texmf-dist/tex/latex/tools/enumerate.sty
Package: enumerate 2015/07/23 v3.00 enumerate extensions (DPC)
\@enLab=\toks27
)

! LaTeX Error: File `systeme.sty' not found.

Type X to quit or <RETURN> to proceed,
or enter new name. (Default extension: sty)

Enter file name: 
(/usr/share/texlive/texmf-dist/tex/latex/mathtools/mathtools.sty
Package: mathtools 2020/03/24 v1.24 mathematical typesetting tools

(/usr/share/texlive/texmf-dist/tex/latex/tools/calc.sty
Package: calc 2017/05/25 v4.3 Infix arithmetic (KKT,FJ)
\calc@Acount=\count391
\calc@Bcount=\count392
\calc@Adimen=\dimen175
\calc@Bdimen=\dimen176
\calc@Askip=\skip77
\calc@Bskip=\skip78
LaTeX Info: Redefining \setlength on input line 80.
LaTeX Info: Redefining \addtolength on input line 81.
\calc@Ccount=\count393
\calc@Cskip=\skip79
)
(/usr/share/texlive/texmf-dist/tex/latex/mathtools/mhsetup.sty
Package: mhsetup 2017/03/31 v1.3 programming setup (MH)
)
(/usr/share/texlive/texmf-dist/tex/latex/amsmath/amsmath.sty
Package: amsmath 2020/01/20 v2.17e AMS math features
\@mathmargin=\skip80

For additional information on amsmath, use the `?' option.
(/usr/share/texlive/texmf-dist/tex/latex/amsmath/amstext.sty
Package: amstext 2000/06/29 v2.01 AMS text

(/usr/share/texlive/texmf-dist/tex/latex/amsmath/amsgen.sty
File: amsgen.sty 1999/11/30 v2.0 generic functions
\@emptytoks=\toks28
\ex@=\dimen177
))
(/usr/share/texlive/texmf-dist/tex/latex/amsmath/amsbsy.sty
Package: amsbsy 1999/11/29 v1.2d Bold Symbols
\pmbraise@=\dimen178
)
(/usr/share/texlive/texmf-dist/tex/latex/amsmath/amsopn.sty
Package: amsopn 2016/03/08 v2.02 operator names
)
\inf@bad=\count394
LaTeX Info: Redefining \frac on input line 227.
\uproot@=\count395
\leftroot@=\count396
LaTeX Info: Redefining \overline on input line 389.
\classnum@=\count397
\DOTSCASE@=\count398
LaTeX Info: Redefining \ldots on input line 486.
LaTeX Info: Redefining \dots on input line 489.
LaTeX Info: Redefining \cdots on input line 610.


! LaTeX Error: Command \iint already defined.
               Or name \end... illegal, see p.192 of the manual.

See the LaTeX manual or LaTeX Companion for explanation.
Type  H <return>  for immediate help.
 ...                                              
                                                  
l.649 ...d{\iint}{\DOTSI\protect\MultiIntegral{2}}
                                                  
? 

! LaTeX Error: Command \iiint already defined.
               Or name \end... illegal, see p.192 of the manual.

See the LaTeX manual or LaTeX Companion for explanation.
Type  H <return>  for immediate help.
 ...                                              
                                                  
l.650 ...{\iiint}{\DOTSI\protect\MultiIntegral{3}}
                                                  
? 

! LaTeX Error: Command \iiiint already defined.
               Or name \end... illegal, see p.192 of the manual.

See the LaTeX manual or LaTeX Companion for explanation.
Type  H <return>  for immediate help.
 ...                                              
                                                  
l.651 ...\iiiint}{\DOTSI\protect\MultiIntegral{4}}
                                                  
? 

! LaTeX Error: Command \idotsint already defined.
               Or name \end... illegal, see p.192 of the manual.

See the LaTeX manual or LaTeX Companion for explanation.
Type  H <return>  for immediate help.
 ...                                              
                                                  
l.652 ...dotsint}{\DOTSI\protect\MultiIntegral{0}}
                                                  
? 
\Mathstrutbox@=\box93
\strutbox@=\box94
\big@size=\dimen179
LaTeX Font Info:    Redeclaring font encoding OML on input line 733.
LaTeX Font Info:    Redeclaring font encoding OMS on input line 734.
\macc@depth=\count399
\c@MaxMatrixCols=\count400
\dotsspace@=\muskip21
\c@parentequation=\count401
\dspbrk@lvl=\count402
\tag@help=\toks29
\row@=\count403
\column@=\count404
\maxfields@=\count405
\andhelp@=\toks30
\eqnshift@=\dimen180
\alignsep@=\dimen181
\tagshift@=\dimen182
\tagwidth@=\dimen183
\totwidth@=\dimen184
\lineht@=\dimen185
\@envbody=\toks31
\multlinegap=\skip81
\multlinetaggap=\skip82
\mathdisplay@stack=\toks32
LaTeX Info: Redefining \[ on input line 2859.
LaTeX Info: Redefining \] on input line 2860.
)
LaTeX Info: Thecontrolsequence`\('isalreadyrobust on input line 130.
LaTeX Info: Thecontrolsequence`\)'isalreadyrobust on input line 130.
LaTeX Info: Thecontrolsequence`\['isalreadyrobust on input line 130.
LaTeX Info: Thecontrolsequence`\]'isalreadyrobust on input line 130.
\g_MT_multlinerow_int=\count406
\l_MT_multwidth_dim=\dimen186
\origjot=\skip83
\l_MT_shortvdotswithinadjustabove_dim=\dimen187
\l_MT_shortvdotswithinadjustbelow_dim=\dimen188
\l_MT_above_intertext_sep=\dimen189
\l_MT_below_intertext_sep=\dimen190
\l_MT_above_shortintertext_sep=\dimen191
\l_MT_below_shortintertext_sep=\dimen192
\xmathstrut@box=\box95
\xmathstrut@dim=\dimen193
)

! LaTeX Error: File `wrapfig.sty' not found.

Type X to quit or <RETURN> to proceed,
or enter new name. (Default extension: sty)

Enter file name: 
\c@theorem=\count407
\c@proposition=\count408
\c@axiom=\count409
\c@problem=\count410
\c@lemma=\count411
\c@definition=\count412
! Undefined control sequence.
l.36 \newmdtheoremenv
                     {definition}{Definici√≥n}
? 

! LaTeX Error: Missing \begin{document}.

See the LaTeX manual or LaTeX Companion for explanation.
Type  H <return>  for immediate help.
 ...                                              
                                                  
l.36 \newmdtheoremenv{d
                       efinition}{Definici√≥n}
? 
! Undefined control sequence.
l.40 \decimalpoint
                  
? 
LaTeX Font Info:    Trying to load font information for T1+pxr on input line 63
.
(/usr/share/texlive/texmf-dist/tex/latex/pxfonts/t1pxr.fd
File: t1pxr.fd 2000/12/14 v1.0
)
! Undefined control sequence.
\set@color ...\@pdfcolorstack push{\current@color 
                                                  }\aftergroup \reset@color 
l.63 \newpage
             
? 
! Undefined control sequence.
\set@color ...\@pdfcolorstack push{\current@color 
                                                  }\aftergroup \reset@color 
l.63 \newpage
             
? 
[1{/var/lib/texmf/fonts/map/pdftex/updmap/pdftex.map}

]

Package biblatex Warning: 'babel/polyglossia' detected but 'csquotes' missing.
(biblatex)                Loading 'csquotes' recommended.

\@quotelevel=\count413
\@quotereset=\count414
(/usr/share/texlive/texmf-dist/tex/latex/l3backend/l3backend-pdfmode.def
File: l3backend-pdfmode.def 2020-03-12 L3 backend support: PDF mode
\l__kernel_color_stack_int=\count415
\l__pdf_internal_box=\box96
)
(./apuntes.aux)
\openout1 = `apuntes.aux'.

LaTeX Font Info:    Checking defaults for OML/pxmi/m/it on input line 70.
LaTeX Font Info:    Trying to load font information for OML+pxmi on input line 
70.
 (/usr/share/texlive/texmf-dist/tex/latex/pxfonts/omlpxmi.fd
File: omlpxmi.fd 2000/12/14 v1.0
)
LaTeX Font Info:    ... okay on input line 70.
LaTeX Font Info:    Checking defaults for OMS/pxsy/m/n on input line 70.
LaTeX Font Info:    Trying to load font information for OMS+pxsy on input line 
70.

(/usr/share/texlive/texmf-dist/tex/latex/pxfonts/omspxsy.fd
File: omspxsy.fd 2000/12/14 v1.0
)
LaTeX Font Info:    ... okay on input line 70.
LaTeX Font Info:    Checking defaults for OT1/cmr/m/n on input line 70.
LaTeX Font Info:    ... okay on input line 70.
LaTeX Font Info:    Checking defaults for T1/cmr/m/n on input line 70.
LaTeX Font Info:    ... okay on input line 70.
LaTeX Font Info:    Checking defaults for TS1/cmr/m/n on input line 70.
LaTeX Font Info:    ... okay on input line 70.
LaTeX Font Info:    Checking defaults for OMX/pxex/m/n on input line 70.
LaTeX Font Info:    Trying to load font information for OMX+pxex on input line 
70.

(/usr/share/texlive/texmf-dist/tex/latex/pxfonts/omxpxex.fd
File: omxpxex.fd 2000/12/14 v1.0
)
LaTeX Font Info:    ... okay on input line 70.
LaTeX Font Info:    Checking defaults for U/pxexa/m/n on input line 70.
LaTeX Font Info:    Trying to load font information for U+pxexa on input line 7
0.

(/usr/share/texlive/texmf-dist/tex/latex/pxfonts/upxexa.fd
File: upxexa.fd 2000/12/14 v1.0
)
LaTeX Font Info:    ... okay on input line 70.
Package caption Info: Begin \AtBeginDocument code.
Package caption Info: wrapfig package is loaded.


! Package caption Error: For a successful cooperation we need at least version
(caption)                `2003/01/31 v3.6' of package wrapfig,
(caption)                but only version
(caption)                `'
(caption)                is available.

See the caption package documentation for explanation.
Type  H <return>  for immediate help.
 ...                                              
                                                  
l.70 \begin{document}
                     
? 
Package caption Info: End \AtBeginDocument code.
(/usr/share/texlive/texmf-dist/tex/context/base/mkii/supp-pdf.mkii
[Loading MPS to PDF converter (version 2006.09.02).]
\scratchcounter=\count416
\scratchdimen=\dimen194
\scratchbox=\box97
\nofMPsegments=\count417
\nofMParguments=\count418
\everyMPshowfont=\toks33
\MPscratchCnt=\count419
\MPscratchDim=\dimen195
\MPnumerator=\count420
\makeMPintoPDFobject=\count421
\everyMPtoPDFconversion=\toks34
) (/usr/share/texlive/texmf-dist/tex/latex/epstopdf-pkg/epstopdf-base.sty
Package: epstopdf-base 2020-01-24 v2.11 Base part for package epstopdf
Package epstopdf-base Info: Redefining graphics rule for `.eps' on input line 4
85.

(/usr/share/texlive/texmf-dist/tex/latex/latexconfig/epstopdf-sys.cfg
File: epstopdf-sys.cfg 2010/07/13 v1.3 Configuration of (r)epstopdf for TeX Liv
e
))
*geometry* driver: auto-detecting
*geometry* detected driver: pdftex
*geometry* verbose mode - [ preamble ] result:
* driver: pdftex
* paper: b5paper
* layout: <same size as paper>
* layoutoffset:(h,v)=(0.0pt,0.0pt)
* modes: twoside 
* h-part:(L,W,R)=(43.36243pt, 414.04364pt, 43.36243pt)
* v-part:(T,H,B)=(43.36243pt, 624.59404pt, 43.36243pt)
* \paperwidth=500.7685pt
* \paperheight=711.3189pt
* \textwidth=414.04364pt
* \textheight=624.59404pt
* \oddsidemargin=-28.90756pt
* \evensidemargin=-28.90756pt
* \topmargin=-58.97505pt
* \headheight=12.0pt
* \headsep=18.06749pt
* \topskip=10.0pt
* \footskip=25.29494pt
* \marginparwidth=57.0pt
* \marginparsep=7.0pt
* \columnsep=10.0pt
* \skip\footins=9.0pt plus 4.0pt minus 2.0pt
* \hoffset=0.0pt
* \voffset=0.0pt
* \mag=1000
* \@twocolumnfalse
* \@twosidetrue
* \@mparswitchtrue
* \@reversemarginfalse
* (1in=72.27pt=25.4mm, 1cm=28.453pt)

Package biblatex Info: Trying to load language 'nil'...
Package biblatex Info: ... file 'nil.lbx' not found.

Package biblatex Warning: Language 'nil' not supported.
(biblatex)                Using fallback language 'english' on input line 70.

Package biblatex Info: Trying to load language 'english'...
Package biblatex Info: ... file 'english.lbx' found.
(/usr/share/texlive/texmf-dist/tex/latex/biblatex/lbx/english.lbx
File: english.lbx 2019/12/01 v3.14 biblatex localization (PK/MW)
)
Package biblatex Info: Input encoding 'utf8' detected.
Package biblatex Info: Automatic encoding selection.
(biblatex)             Assuming data encoding 'utf8'.
\openout3 = `apuntes.bcf'.

Package biblatex Info: Trying to load bibliographic data...


Package biblatex Warning: File 'apuntes.bbl' is wrong format version - expected
 3.1.

Package biblatex Info: ... file 'apuntes.bbl' found.
(./apuntes.bbl)
Package biblatex Info: Reference section=0 on input line 70.
Package biblatex Info: Reference segment=0 on input line 70.
 [2

]
LaTeX Font Info:    Trying to load font information for OT1+pxr on input line 7
1.
 (/usr/share/texlive/texmf-dist/tex/latex/pxfonts/ot1pxr.fd
File: ot1pxr.fd 2000/12/14 v1.0
)
LaTeX Font Info:    Trying to load font information for U+pxmia on input line 7
1.
(/usr/share/texlive/texmf-dist/tex/latex/pxfonts/upxmia.fd
File: upxmia.fd 2000/12/14 v1.0
)
LaTeX Font Info:    Trying to load font information for U+pxsya on input line 7
1.

(/usr/share/texlive/texmf-dist/tex/latex/pxfonts/upxsya.fd
File: upxsya.fd 2000/12/14 v1.0
)
LaTeX Font Info:    Trying to load font information for U+pxsyb on input line 7
1.

(/usr/share/texlive/texmf-dist/tex/latex/pxfonts/upxsyb.fd
File: utxsyb.fd 2000/12/14 v1.0
)
LaTeX Font Info:    Trying to load font information for U+pxsyc on input line 7
1.

(/usr/share/texlive/texmf-dist/tex/latex/pxfonts/upxsyc.fd
File: upxsyc.fd 2000/12/14 v1.0
) [1] [2

]
Chapter 1.
LaTeX Font Info:    Font shape `T1/pxr/b/n' in size <20.74> not available
(Font)              Font shape `T1/pxr/bx/n' tried instead on input line 73.
LaTeX Font Info:    Font shape `T1/pxr/b/n' in size <24.88> not available
(Font)              Font shape `T1/pxr/bx/n' tried instead on input line 73.
(./tex/parcial1.tex
LaTeX Font Info:    Font shape `T1/pxr/b/n' in size <14.4> not available
(Font)              Font shape `T1/pxr/bx/n' tried instead on input line 1.
LaTeX Font Info:    Font shape `T1/pxr/b/n' in size <10> not available
(Font)              Font shape `T1/pxr/bx/n' tried instead on input line 2.

Underfull \hbox (badness 10000) in paragraph at lines 2--3

 []


Underfull \hbox (badness 10000) in paragraph at lines 8--9

 []


Underfull \hbox (badness 10000) in paragraph at lines 10--11

 []


Underfull \vbox (badness 2521) has occurred while \output is active []

 [3]

! LaTeX Error: Environment iteritem undefined.

See the LaTeX manual or LaTeX Companion for explanation.
Type  H <return>  for immediate help.
 ...                                              
                                                  
l.29 \begin{iteritem}
                     
? 

! LaTeX Error: Lonely \item--perhaps a missing list environment.

See the LaTeX manual or LaTeX Companion for explanation.
Type  H <return>  for immediate help.
 ...                                              
                                                  
l.30 \item i
            ) Si $z_n = 1$, entonces $a_{nn} \neq 1$ existen dos posibilidad...

? 

Underfull \hbox (badness 10000) detected at line 30
[][]
 []


! LaTeX Error: Lonely \item--perhaps a missing list environment.

See the LaTeX manual or LaTeX Companion for explanation.
Type  H <return>  for immediate help.
 ...                                              
                                                  
l.34 \item i
            i) Si $z_n = 2$ entonces $a_{nn} = 1$ la identidad $z = f(n)$ im...

? 

Underfull \hbox (badness 10000) detected at line 34
[][]
 []


! LaTeX Error: \begin{document} ended by \end{iteritem}.

See the LaTeX manual or LaTeX Companion for explanation.
Type  H <return>  for immediate help.
 ...                                              
                                                  
l.36 \end{iteritem}
                   
? 

Overfull \hbox (5.2821pt too wide) in paragraph at lines 40--45
\T1/pxr/m/n/10 precisadas por \T1/pxr/bx/n/10 Thoralf Skolen \T1/pxr/m/n/10 y \
T1/pxr/bx/n/10 Abrahm Fraenkel\T1/pxr/m/n/10 , resultado de ello la primera teo
rÌa axiom·tica
 []


Underfull \hbox (badness 10000) in paragraph at lines 40--45

 []

LaTeX Font Info:    Font shape `T1/pxr/b/it' in size <10> not available
(Font)              Font shape `T1/pxr/bx/it' tried instead on input line 57.
[4]
Underfull \hbox (badness 10000) in paragraph at lines 101--104

 []


! LaTeX Error: Environment iteritem undefined.

See the LaTeX manual or LaTeX Companion for explanation.
Type  H <return>  for immediate help.
 ...                                              
                                                  
l.122 \begin{iteritem}
                      
? 

! LaTeX Error: Lonely \item--perhaps a missing list environment.

See the LaTeX manual or LaTeX Companion for explanation.
Type  H <return>  for immediate help.
 ...                                              
                                                  
l.123 \item S
             i $\mathcal{B} \in \mathcal{B} \Longrightarrow \mathcal{B} \not...

? 

Underfull \hbox (badness 10000) detected at line 123
[][]
 []


! LaTeX Error: Lonely \item--perhaps a missing list environment.

See the LaTeX manual or LaTeX Companion for explanation.
Type  H <return>  for immediate help.
 ...                                              
                                                  
l.124 \item S
             i $\mathcal{B} \notin \mathcal{B} \Longrightarrow \mathcal{B} \...

? 

Underfull \hbox (badness 10000) detected at line 124
[][]
 []


! LaTeX Error: \begin{proof2} on input line 108 ended by \end{iteritem}.

See the LaTeX manual or LaTeX Companion for explanation.
Type  H <return>  for immediate help.
 ...                                              
                                                  
l.125 \end{iteritem}
                    
? 

Underfull \hbox (badness 10000) in paragraph at lines 127--138

 []


Underfull \hbox (badness 10000) in paragraph at lines 127--138

 []


Underfull \hbox (badness 10000) in paragraph at lines 127--138

 []

[5]

! LaTeX Error: Environment iteritem undefined.

See the LaTeX manual or LaTeX Companion for explanation.
Type  H <return>  for immediate help.
 ...                                              
                                                  
l.145 \begin{iteritem}
                      
? 

! LaTeX Error: Lonely \item--perhaps a missing list environment.

See the LaTeX manual or LaTeX Companion for explanation.
Type  H <return>  for immediate help.
 ...                                              
                                                  
l.146 \item \textbf
                   {I)} Para cada par de conjuntos $\mathcal{A},\mathcal{B}$...

? 

Underfull \hbox (badness 10000) detected at line 146
[][]
 []


! LaTeX Error: Lonely \item--perhaps a missing list environment.

See the LaTeX manual or LaTeX Companion for explanation.
Type  H <return>  for immediate help.
 ...                                              
                                                  
l.149 \item \textbf
                   {II)} El conjunto definido por \textbf{ZF 4}, se denotar√...

? 

Underfull \hbox (badness 10000) detected at line 149
[][]
 []


! LaTeX Error: Lonely \item--perhaps a missing list environment.

See the LaTeX manual or LaTeX Companion for explanation.
Type  H <return>  for immediate help.
 ...                                              
                                                  
l.151 \item \textbf
                   {III)} El conjunto definido por \textbf{ZF 4} se denomina...

? 

Underfull \hbox (badness 10000) detected at line 151
[][]
 []


! LaTeX Error: Lonely \item--perhaps a missing list environment.

See the LaTeX manual or LaTeX Companion for explanation.
Type  H <return>  for immediate help.
 ...                                              
                                                  
l.153 \item \textbf
                   {IV)} Sean $\mathcal{A},\mathcal{B}$ conjuntos, sea $\mat...

? 

Underfull \hbox (badness 10000) detected at line 153
[][]
 []


! LaTeX Error: Lonely \item--perhaps a missing list environment.

See the LaTeX manual or LaTeX Companion for explanation.
Type  H <return>  for immediate help.
 ...                                              
                                                  
l.157 \item \textbf
                   {V)} Sean $\mathcal{A}, \mathcal{B}$ conjuntos, sea $\mat...

? 

Underfull \hbox (badness 10000) detected at line 157
[][]
 []


! LaTeX Error: Lonely \item--perhaps a missing list environment.

See the LaTeX manual or LaTeX Companion for explanation.
Type  H <return>  for immediate help.
 ...                                              
                                                  
l.164 \item \textbf
                   {VI)} Sean $\mathcal{A}, \mathcal{B}$ conjuntos, por el a...

? 

Underfull \hbox (badness 10000) detected at line 164
[][]
 []


! LaTeX Error: \mathcal allowed only in math mode.

See the LaTeX manual or LaTeX Companion for explanation.
Type  H <return>  for immediate help.
 ...                                              
                                                  
l.170 ...x} \in \mathcal{C}} \mathbf{x}$, \mathcal
                                                  {D} se denomina la uni√≥n ...

? 

! LaTeX Error: Lonely \item--perhaps a missing list environment.

See the LaTeX manual or LaTeX Companion for explanation.
Type  H <return>  for immediate help.
 ...                                              
                                                  
l.172 \item \textbf
                   {VII)} Sea $\mathcal{A}$ un conjunto distinto del vac√≠o....

? 

Underfull \hbox (badness 10000) detected at line 172
[][]
 []

! Undefined control sequence.
l.175 ... \mathbf{y}; \quad \mathbf{y} \in \mathal
                                                  {A} \Longrightarrow \mathb...

? 

! LaTeX Error: Lonely \item--perhaps a missing list environment.

See the LaTeX manual or LaTeX Companion for explanation.
Type  H <return>  for immediate help.
 ...                                              
                                                  
l.178 \item \textbf
                   {VIII)} El conjunto cuya existencia se justifica por \tex...

? 

Underfull \hbox (badness 10000) detected at line 178
[][]
 []


! LaTeX Error: \begin{document} ended by \end{iteritem}.

See the LaTeX manual or LaTeX Companion for explanation.
Type  H <return>  for immediate help.
 ...                                              
                                                  
l.179 \end{iteritem}
                    
? 

! LaTeX Error: Environment iteritem undefined.

See the LaTeX manual or LaTeX Companion for explanation.
Type  H <return>  for immediate help.
 ...                                              
                                                  
l.188 	\begin{iteritem}
                       
? 

! LaTeX Error: Environment iteritem undefined.

See the LaTeX manual or LaTeX Companion for explanation.
Type  H <return>  for immediate help.
 ...                                              
                                                  
l.191 		\begin{iteritem}
                        			
? 
[6]

! LaTeX Error: \begin{centering} on input line 189 ended by \end{iteritem}.

See the LaTeX manual or LaTeX Companion for explanation.
Type  H <return>  for immediate help.
 ...                                              
                                                  
l.195 		\end{iteritem}
                      
? 

! LaTeX Error: Environment iteritem undefined.

See the LaTeX manual or LaTeX Companion for explanation.
Type  H <return>  for immediate help.
 ...                                              
                                                  
l.198 		\begin{iteritem}
                        	
? 

! LaTeX Error: \begin{centering} on input line 189 ended by \end{iteritem}.

See the LaTeX manual or LaTeX Companion for explanation.
Type  H <return>  for immediate help.
 ...                                              
                                                  
l.201 		\end{iteritem}
                      
? 

! LaTeX Error: Environment iteritem undefined.

See the LaTeX manual or LaTeX Companion for explanation.
Type  H <return>  for immediate help.
 ...                                              
                                                  
l.204 		\begin{iteritem}
                        
? 

! LaTeX Error: \begin{centering} on input line 189 ended by \end{iteritem}.

See the LaTeX manual or LaTeX Companion for explanation.
Type  H <return>  for immediate help.
 ...                                              
                                                  
l.207 		\end{iteritem}
                      
? 

! LaTeX Error: Environment iteritem undefined.

See the LaTeX manual or LaTeX Companion for explanation.
Type  H <return>  for immediate help.
 ...                                              
                                                  
l.210 		\begin{iteritem}
                        
? 

! LaTeX Error: \begin{centering} on input line 189 ended by \end{iteritem}.

See the LaTeX manual or LaTeX Companion for explanation.
Type  H <return>  for immediate help.
 ...                                              
                                                  
l.213 		\end{iteritem}
                      
? 

! LaTeX Error: \begin{proposition} on input line 186 ended by \end{iteritem}.

See the LaTeX manual or LaTeX Companion for explanation.
Type  H <return>  for immediate help.
 ...                                              
                                                  
l.216 	\end{iteritem}
                     
? 

Underfull \hbox (badness 10000) in paragraph at lines 218--221

 []


Underfull \hbox (badness 10000) in paragraph at lines 240--242

 []

[7]

! LaTeX Error: Environment iteritem undefined.

See the LaTeX manual or LaTeX Companion for explanation.
Type  H <return>  for immediate help.
 ...                                              
                                                  
l.245 	\begin{iteritem}
                       
? 

! LaTeX Error: \begin{proposition} on input line 243 ended by \end{iteritem}.

See the LaTeX manual or LaTeX Companion for explanation.
Type  H <return>  for immediate help.
 ...                                              
                                                  
l.248 	\end{iteritem}
                     
? 

! LaTeX Error: Environment iteritem undefined.

See the LaTeX manual or LaTeX Companion for explanation.
Type  H <return>  for immediate help.
 ...                                              
                                                  
l.251 	\begin{iteritem}
                       
? 

! LaTeX Error: Lonely \item--perhaps a missing list environment.

See the LaTeX manual or LaTeX Companion for explanation.
Type  H <return>  for immediate help.
 ...                                              
                                                  
l.252 	\item I
              ) Sea $\mathbf{x}\in\mathcal{A}\cap\mathcal{B}$, entonces $\ma...

? 

Underfull \hbox (badness 10000) detected at line 252
[][]
 []


! LaTeX Error: Lonely \item--perhaps a missing list environment.

See the LaTeX manual or LaTeX Companion for explanation.
Type  H <return>  for immediate help.
 ...                                              
                                                  
l.254 	\item I
              I) Sea $\mathbf{x}\in\mathcal{A}\cup\mathcal{B}$, entonces $\m...

? 

Underfull \hbox (badness 10000) detected at line 254
[][]
 []

! Undefined control sequence.
<recently read> \thereore 
                          
l.256 ...(\mathcal{C}\cup\mathcal{D})]$ $\thereore
                                                   \quad\mathcal{A}\cup\math...

? 

Underfull \hbox (badness 10000) in paragraph at lines 255--257

 []


! LaTeX Error: \begin{proof2} on input line 250 ended by \end{iteritem}.

See the LaTeX manual or LaTeX Companion for explanation.
Type  H <return>  for immediate help.
 ...                                              
                                                  
l.259 \end{iteritem}
                    
? 

! LaTeX Error: Environment iteritem undefined.

See the LaTeX manual or LaTeX Companion for explanation.
Type  H <return>  for immediate help.
 ...                                              
                                                  
l.264 	\begin{iteritem}
                       
? 

! LaTeX Error: \begin{proposition} on input line 262 ended by \end{iteritem}.

See the LaTeX manual or LaTeX Companion for explanation.
Type  H <return>  for immediate help.
 ...                                              
                                                  
l.268 	\end{iteritem}
                     
? 
! Undefined control sequence.
l.271 ...x}\in\mathcal{A}\Longleftringhtarrowthcal
                                                  \mathbf{x}\in\mathcal{A}\c...

? 

Underfull \hbox (badness 10000) in paragraph at lines 270--272

 []


Underfull \hbox (badness 10000) in paragraph at lines 273--275

 []


Underfull \hbox (badness 10000) in paragraph at lines 276--277

 []

[8]

! LaTeX Error: Environment iteritem undefined.

See the LaTeX manual or LaTeX Companion for explanation.
Type  H <return>  for immediate help.
 ...                                              
                                                  
l.283 \begin{iteritem}
                      
? 

! LaTeX Error: Lonely \item--perhaps a missing list environment.

See the LaTeX manual or LaTeX Companion for explanation.
Type  H <return>  for immediate help.
 ...                                              
                                                  
l.284 \item   I
               ) $\mathcal{A}\cap(\mathcal{D}$\textbackslash$\mathcal{A})=$ \O
? 

Underfull \hbox (badness 10000) detected at line 284
[][]
 []


! LaTeX Error: Lonely \item--perhaps a missing list environment.

See the LaTeX manual or LaTeX Companion for explanation.
Type  H <return>  for immediate help.
 ...                                              
                                                  
l.285 \item  I
              I) $\mathcal{D}$\textbackslash$(\mathcal{D}$\textbackslash$\ma...

? 

Underfull \hbox (badness 10000) detected at line 285
[][]
 []


! LaTeX Error: Lonely \item--perhaps a missing list environment.

See the LaTeX manual or LaTeX Companion for explanation.
Type  H <return>  for immediate help.
 ...                                              
                                                  
l.286 \item I
             II) $\mathcal{A}\subset\mathcal{B}$, si y s√≥lo s√≠, $(\mathcal...

? 

Underfull \hbox (badness 10000) detected at line 286
[][]
 []


! LaTeX Error: \begin{document} ended by \end{iteritem}.

See the LaTeX manual or LaTeX Companion for explanation.
Type  H <return>  for immediate help.
 ...                                              
                                                  
l.287 \end{iteritem}
                    
? 

Underfull \hbox (badness 10000) in paragraph at lines 286--288

 []


Underfull \hbox (badness 10000) in paragraph at lines 289--291

 []


Underfull \hbox (badness 10000) in paragraph at lines 293--295

 []


! LaTeX Error: There's no line here to end.

See the LaTeX manual or LaTeX Companion for explanation.
Type  H <return>  for immediate help.
 ...                                              
                                                  
l.298 	S
        ean $\mathbf{a,b,c,d}$ elementos de un conjunto $\mathcal{A}$, enton...

? 

! LaTeX Error: Environment iteritem undefined.

See the LaTeX manual or LaTeX Companion for explanation.
Type  H <return>  for immediate help.
 ...                                              
                                                  
l.310 	\begin{iteritem}
                       
? 

! LaTeX Error: Lonely \item--perhaps a missing list environment.

See the LaTeX manual or LaTeX Companion for explanation.
Type  H <return>  for immediate help.
 ...                                              
                                                  
l.311 	\item \textbf
                    {i)} $\{\mathbf{a}\}=\{\mathbf{c,d}\}$
? 

Underfull \hbox (badness 10000) detected at line 311
[][]
 []


! LaTeX Error: Lonely \item--perhaps a missing list environment.

See the LaTeX manual or LaTeX Companion for explanation.
Type  H <return>  for immediate help.
 ...                                              
                                                  
l.312 	\item \textbf
                    {ii)} $\{\mathbf{a,b}\}=\{\mathbf{c}\}$
? 

Underfull \hbox (badness 10000) detected at line 312
[][]
 []


! LaTeX Error: Lonely \item--perhaps a missing list environment.

See the LaTeX manual or LaTeX Companion for explanation.
Type  H <return>  for immediate help.
 ...                                              
                                                  
l.313 	\item \textbf
                    {iii)} $\{\mathbf{a}\}=\{\mathbf{c}\} \wedge \{\mathbf{a...

? 

Underfull \hbox (badness 10000) detected at line 313
[][]
 []


! LaTeX Error: \begin{proof2} on input line 304 ended by \end{iteritem}.

See the LaTeX manual or LaTeX Companion for explanation.
Type  H <return>  for immediate help.
 ...                                              
                                                  
l.314 	\end{iteritem}
                     
? 
[9]
! Extra }, or forgotten \endgroup.
<recently read> }
                 
l.327 }
       
? 

Underfull \hbox (badness 10000) in paragraph at lines 322--328

 []


Underfull \hbox (badness 10000) in paragraph at lines 329--333

 []

! Undefined control sequence.
l.336 ...thcal{A}\wedge\exists\mathbf{b}\in\mathca
                                                  {B}\quad\mathbf{x}=(\mathb...

? 
! Undefined control sequence.
l.337 ...uad\forall\mathbf{x}[\mathbf{x}\in\mathca
                                                  {D} \Longleftrightarrow\ma...

? 
! Undefined control sequence.
l.337 ...}\in\mathca{D} \Longleftrightarrow\marhbf
                                                  {x}\in\mathcal{P}(\mathcal...

? 

Underfull \hbox (badness 10000) in paragraph at lines 337--339

 []


LaTeX Warning: Command \O invalid in math mode on input line 349.

Missing character: There is no ÿ in font pxr!

! LaTeX Error: Environment iteritem undefined.

See the LaTeX manual or LaTeX Companion for explanation.
Type  H <return>  for immediate help.
 ...                                              
                                                  
l.356 	\begin{iteritem}
                       
? 

! LaTeX Error: Lonely \item--perhaps a missing list environment.

See the LaTeX manual or LaTeX Companion for explanation.
Type  H <return>  for immediate help.
 ...                                              
                                                  
l.358 	\item 1
              ) Sean $\mathcal{A,B,C}$ conjuntos. Demuestre que si $\mathcal...

? 

Underfull \hbox (badness 10000) detected at line 358
[][]
 []


! LaTeX Error: Lonely \item--perhaps a missing list environment.

See the LaTeX manual or LaTeX Companion for explanation.
Type  H <return>  for immediate help.
 ...                                              
                                                  
l.362         \item 2
                     ) Sean $\mathcal{A,B,C}$ conjuntos, verifique lo siguie...

? 

Underfull \hbox (badness 10000) detected at line 362
[][]
 []


! LaTeX Error: Environment iteritem undefined.

See the LaTeX manual or LaTeX Companion for explanation.
Type  H <return>  for immediate help.
 ...                                              
                                                  
l.363 		\begin{iteritem}
                        
? 

! LaTeX Error: Lonely \item--perhaps a missing list environment.

See the LaTeX manual or LaTeX Companion for explanation.
Type  H <return>  for immediate help.
 ...                                              
                                                  
l.364 		\item a
               ) $\mathcal{A}\times(\mathcal{A}\cup\mathcal{B})=(\mathcal{A}...

? 

Underfull \hbox (badness 10000) detected at line 364
[][]
 []


! LaTeX Error: Lonely \item--perhaps a missing list environment.

See the LaTeX manual or LaTeX Companion for explanation.
Type  H <return>  for immediate help.
 ...                                              
                                                  
l.365 		\item b
               ) $\mathcal{A}\times(\mathcal{B}\cap\mathcal{C})=(\mathcal{A}...

? 

Underfull \hbox (badness 10000) detected at line 365
[][]
 []


! LaTeX Error: Lonely \item--perhaps a missing list environment.

See the LaTeX manual or LaTeX Companion for explanation.
Type  H <return>  for immediate help.
 ...                                              
                                                  
l.366 		\item c
               ) $\mathcal{A}\times(\mathcal{B}$\textbackslash$\mathcal{C})=...

? 

Underfull \hbox (badness 10000) detected at line 366
[][]
 []


! LaTeX Error: Lonely \item--perhaps a missing list environment.

See the LaTeX manual or LaTeX Companion for explanation.
Type  H <return>  for immediate help.
 ...                                              
                                                  
l.367 		\item d
               ) $\mathcal{A}\times\mathcal{C}=\mathcal{B}\times$, si y s√≥l...

? 

Underfull \hbox (badness 10000) detected at line 367
[][]
 []


! LaTeX Error: \begin{document} ended by \end{iteritem}.

See the LaTeX manual or LaTeX Companion for explanation.
Type  H <return>  for immediate help.
 ...                                              
                                                  
l.368 		\end{iteritem}
                      
? 

! LaTeX Error: \begin{document} ended by \end{iteritem}.

See the LaTeX manual or LaTeX Companion for explanation.
Type  H <return>  for immediate help.
 ...                                              
                                                  
l.369 	\end{iteritem}
                     
? 
[10]
Underfull \hbox (badness 10000) in paragraph at lines 373--375

 []


Underfull \hbox (badness 10000) in paragraph at lines 380--382

 []


! LaTeX Error: Environment iteritem undefined.

See the LaTeX manual or LaTeX Companion for explanation.
Type  H <return>  for immediate help.
 ...                                              
                                                  
l.393 \begin{iteritem}
                      
? 

! LaTeX Error: Lonely \item--perhaps a missing list environment.

See the LaTeX manual or LaTeX Companion for explanation.
Type  H <return>  for immediate help.
 ...                                              
                                                  
l.394 \item $
             \mathcal{A}$ se dice \textbf{dominio} de $f$ y $\mathcal{B}$ se...

? 

Underfull \hbox (badness 10000) detected at line 394
[][]
 []


! LaTeX Error: Lonely \item--perhaps a missing list environment.

See the LaTeX manual or LaTeX Companion for explanation.
Type  H <return>  for immediate help.
 ...                                              
                                                  
l.395 \item S
             e dice que $f$ es \textbf{suprayectiva} si: $Ran(f)=\mathcal{B}$.
? 

Underfull \hbox (badness 10000) detected at line 395
[][]
 []


! LaTeX Error: Lonely \item--perhaps a missing list environment.

See the LaTeX manual or LaTeX Companion for explanation.
Type  H <return>  for immediate help.
 ...                                              
                                                  
l.396 \item S
             e dice que $f$ es \textbf{inyectiva} si: $\forall\mathbf{x,y}\i...

? 

Underfull \hbox (badness 10000) detected at line 396
[][]
 []


! LaTeX Error: Lonely \item--perhaps a missing list environment.

See the LaTeX manual or LaTeX Companion for explanation.
Type  H <return>  for immediate help.
 ...                                              
                                                  
l.397 \item S
             e dice que $f$ es una \textbf{biyecci√≥n} si $f$ es \textbf{iny...

? 

Underfull \hbox (badness 10000) detected at line 397
[][]
 []


! LaTeX Error: \begin{document} ended by \end{iteritem}.

See the LaTeX manual or LaTeX Companion for explanation.
Type  H <return>  for immediate help.
 ...                                              
                                                  
l.399 \end{iteritem}
                    
? 

Underfull \hbox (badness 10000) in paragraph at lines 397--402

 []


! LaTeX Error: Environment iteritem undefined.

See the LaTeX manual or LaTeX Companion for explanation.
Type  H <return>  for immediate help.
 ...                                              
                                                  
l.403 \begin{iteritem}
                      
? 

! LaTeX Error: Lonely \item--perhaps a missing list environment.

See the LaTeX manual or LaTeX Companion for explanation.
Type  H <return>  for immediate help.
 ...                                              
                                                  
l.404 \item $
             \mathcal{D}$ se denota por $f[\mathcal{N}]$ y se denomina \text...

? 

Underfull \hbox (badness 10000) detected at line 404
[][]
 []


! LaTeX Error: Lonely \item--perhaps a missing list environment.

See the LaTeX manual or LaTeX Companion for explanation.
Type  H <return>  for immediate help.
 ...                                              
                                                  
l.405 \item P
             or el mismo \textbf{ZF 6}
? 

Underfull \hbox (badness 10000) detected at line 405
[][]
 []


! LaTeX Error: \begin{document} ended by \end{iteritem}.

See the LaTeX manual or LaTeX Companion for explanation.
Type  H <return>  for immediate help.
 ...                                              
                                                  
l.408 \end{iteritem}
                    
? 
[11]

! LaTeX Error: Environment iteritem undefined.

See the LaTeX manual or LaTeX Companion for explanation.
Type  H <return>  for immediate help.
 ...                                              
                                                  
l.416 	\begin{iteritem}
                       
? 

Overfull \hbox (3.54066pt too wide) in paragraph at lines 414--417
[]\T1/pxr/bx/n/10 ProposiciÛn 8. []\T1/pxr/m/it/10 Considere una funciÛn $\OML/
pxmi/m/it/10 f \OT1/pxr/m/n/10 : \OMS/pxsy/m/n/10 A [][]! B$\T1/pxr/m/it/10 . S
ean $[]$ subconjuntos de $[]$ respectivamente.
 []


! LaTeX Error: \begin{proposition} on input line 413 ended by \end{iteritem}.

See the LaTeX manual or LaTeX Companion for explanation.
Type  H <return>  for immediate help.
 ...                                              
                                                  
l.419 	\end{iteritem}
                     
? 

Underfull \hbox (badness 10000) in paragraph at lines 563--567

 []


Underfull \hbox (badness 10000) in paragraph at lines 573--581

 []

[12]
Overfull \hbox (7.68332pt too wide) in paragraph at lines 614--634
\T1/pxr/m/n/10 Considere $\OML/pxmi/m/it/10 A \OT1/pxr/m/n/10 = \OMS/pxsy/m/n/1
0 f|\OML/pxmi/m/it/10 ; \OMS/pxsy/m/n/10 ^^?\OML/pxmi/m/it/10 ; \U/pxsya/m/n/10
 ^^G\OMS/pxsy/m/n/10 g$\T1/pxr/m/n/10 , $\OML/pxmi/m/it/10 R \OT1/pxr/m/n/10 = 
\OMS/pxsy/m/n/10 f\OT1/pxr/m/n/10 (\OMS/pxsy/m/n/10 |\OML/pxmi/m/it/10 ; \OMS/p
xsy/m/n/10 |\OT1/pxr/m/n/10 )\OML/pxmi/m/it/10 ; \OT1/pxr/m/n/10 (\OMS/pxsy/m/n
/10 ^^?\OML/pxmi/m/it/10 ; \OMS/pxsy/m/n/10 ^^?\OT1/pxr/m/n/10 )\OML/pxmi/m/it/
10 ; \OT1/pxr/m/n/10 (\U/pxsya/m/n/10 ^^G\OML/pxmi/m/it/10 ; \U/pxsya/m/n/10 ^^
G\OT1/pxr/m/n/10 )\OML/pxmi/m/it/10 ; \OT1/pxr/m/n/10 (\OMS/pxsy/m/n/10 |\OML/p
xmi/m/it/10 ; \OMS/pxsy/m/n/10 ^^?\OT1/pxr/m/n/10 )\OML/pxmi/m/it/10 ; \OT1/pxr
/m/n/10 (\OMS/pxsy/m/n/10 ^^?\OML/pxmi/m/it/10 ; \OMS/pxsy/m/n/10 |\OT1/pxr/m/n
/10 )\OMS/pxsy/m/n/10 g$ \T1/pxr/m/n/10 y $\OML/pxmi/m/it/10 S \OT1/pxr/m/n/10 
= \OMS/pxsy/m/n/10 f\OT1/pxr/m/n/10 (\OMS/pxsy/m/n/10 |\OML/pxmi/m/it/10 ; \OMS
/pxsy/m/n/10 |\OT1/pxr/m/n/10 )\OML/pxmi/m/it/10 ; \OT1/pxr/m/n/10 (\OMS/pxsy/m
/n/10 ^^?\OML/pxmi/m/it/10 ; \OMS/pxsy/m/n/10 ^^?\OT1/pxr/m/n/10 )\OML/pxmi/m/i
t/10 ; \OT1/pxr/m/n/10 (\U/pxsya/m/n/10 ^^G\OML/pxmi/m/it/10 ; \U/pxsya/m/n/10 
^^G\OT1/pxr/m/n/10 )\OML/pxmi/m/it/10 ; \OT1/pxr/m/n/10 (\U/pxsya/m/n/10 ^^G\OM
L/pxmi/m/it/10 ; \OMS/pxsy/m/n/10 |\OT1/pxr/m/n/10 )\OML/pxmi/m/it/10 ; \OT1/px
r/m/n/10 (\OMS/pxsy/m/n/10 |\OML/pxmi/m/it/10 ; \U/pxsya/m/n/10 ^^G\OT1/pxr/m/n
/10 )\OMS/pxsy/m/n/10 g$\T1/pxr/m/n/10 . 
 []

[13] [14]
LaTeX Font Info:    Trying to load font information for TS1+pxr on input line 7
83.
 (/usr/share/texlive/texmf-dist/tex/latex/pxfonts/ts1pxr.fd
File: ts1pxr.fd 2000/12/14 v1.0
) [15])
[16]
Chapter 2.
(./tex/parcial2.tex [17

] [18]

LaTeX Warning: Reference `lem:p2l1' on page 19 undefined on input line 155.

! Misplaced \noalign.
\hline ->\noalign 
                  {\ifnum 0=`}\fi \hrule \@height \arrayrulewidth \futurelet...
l.164     \hline
                
? 

Underfull \hbox (badness 10000) in paragraph at lines 167--169

 []

[19]
Underfull \hbox (badness 10000) in paragraph at lines 183--186

 []

[20]
Underfull \hbox (badness 10000) in paragraph at lines 279--310

 []

! Missing number, treated as zero.
<to be read again> 
                   \protect 
l.313     \begin
                {proposition} Existe una √∫nica funci√≥n $f: \, \mathbb{N} \...

? 
! Illegal unit of measure (pt inserted).
<to be read again> 
                   \protect 
l.313     \begin
                {proposition} Existe una √∫nica funci√≥n $f: \, \mathbb{N} \...

? 
[21]

! LaTeX Error: There's no line here to end.

See the LaTeX manual or LaTeX Companion for explanation.
Type  H <return>  for immediate help.
 ...                                              
                                                  
l.357     A
            la operaci√≥n binaria dada por la proposici√≥n anterior se le de...

? 

Underfull \hbox (badness 10000) in paragraph at lines 370--372

 []

[22]
Underfull \vbox (badness 10000) has occurred while \output is active []

 [23]
Underfull \hbox (badness 10000) in paragraph at lines 415--417

 []


Underfull \hbox (badness 10000) in paragraph at lines 418--419

 []


Underfull \vbox (badness 10000) has occurred while \output is active []

 [24]
[25]
! Undefined control sequence.
<recently read> \n 
                   
l.531     \setminus \{0\} $se tiene $\n
                                        \in S(\mathbb{N})$, por lo tanto $\e...

? 

Underfull \hbox (badness 10000) in paragraph at lines 527--535

 []


Underfull \hbox (badness 10000) in paragraph at lines 536--539

 []


Underfull \hbox (badness 10000) in paragraph at lines 540--552

 []

[26]
! Double superscript.
l.590 ...ces, $ S^n(x) \in B \, \therefore \, S^n^
                                                  +(x) = S^n\circ
? 
! Double superscript.
l.592 ...S\circ S^n(x) \in B \, \therefore \, S^n^
                                                  +(x) \in B \, \therefore
? 
! Undefined control sequence.
l.625     anterior $Dn^+ \subset A\quad \dorall
                                                A$ tal que $ n^+ \in A \, \l...

? 

Underfull \hbox (badness 10000) in paragraph at lines 602--629

 []

[27]
! Undefined control sequence.
l.705 ...{prop:25} implica que $n<m  \, \querefore
                                                  
? 
[28]
! Undefined control sequence.
l.718     $i) \forall  n,m \in \mathbb{N} \, \n
                                                \leq m$ s√≠ y s√≥lo s√≠ $\ex...

? 

! LaTeX Error: There's no line here to end.

See the LaTeX manual or LaTeX Companion for explanation.
Type  H <return>  for immediate help.
 ...                                              
                                                  
l.725 
      
? 

Underfull \hbox (badness 10000) in paragraph at lines 726--740

 []


Underfull \hbox (badness 10000) in paragraph at lines 741--755

 []

LaTeX Font Info:    Font shape `T1/pxr/b/n' in size <12> not available
(Font)              Font shape `T1/pxr/bx/n' tried instead on input line 768.
[29] (./tex/AxiomaDeEleccion.tex [30]
Underfull \hbox (badness 10000) in paragraph at lines 57--59
[]\T1/pxr/m/n/10 Para probar el hecho anterior se debe probar que $\OML/pxmi/m/
it/10 A \OT1/pxr/m/n/10 = \OML/pxmi/m/it/10 S$\T1/pxr/m/n/10 .
 []


Underfull \hbox (badness 10000) in paragraph at lines 61--64

 []


Underfull \hbox (badness 10000) in paragraph at lines 65--66

 []


Underfull \hbox (badness 10000) in paragraph at lines 70--73

 []

[31]
Underfull \hbox (badness 10000) in paragraph at lines 101--103

 []

[32]
Underfull \hbox (badness 10000) in paragraph at lines 143--152

 []

[33]
Underfull \hbox (badness 10000) in paragraph at lines 165--167

 []

[34]
Underfull \hbox (badness 10000) in paragraph at lines 188--189

 []

[35]
Underfull \hbox (badness 10000) in paragraph at lines 224--227

 []


Underfull \hbox (badness 10000) in paragraph at lines 231--233

 []


Underfull \hbox (badness 10000) in paragraph at lines 242--247

 []

[36] [37]
Underfull \hbox (badness 10000) in paragraph at lines 277--282

 []

[38]
Underfull \hbox (badness 10000) in paragraph at lines 331--332

 []


Underfull \hbox (badness 10000) in paragraph at lines 338--339

 []


Underfull \hbox (badness 10000) in paragraph at lines 342--347

 []

[39]
Underfull \hbox (badness 10000) in paragraph at lines 350--357

 []


Underfull \hbox (badness 10000) in paragraph at lines 358--360

 []


Underfull \hbox (badness 10000) in paragraph at lines 361--365

 []


Underfull \hbox (badness 10000) in paragraph at lines 380--381

 []

)) [40]
Chapter 3.
(./tex/parcial3.tex [41

]
Underfull \hbox (badness 10000) in paragraph at lines 94--98

 []

[42] [43]

! LaTeX Error: \mathbb allowed only in math mode.

See the LaTeX manual or LaTeX Companion for explanation.
Type  H <return>  for immediate help.
 ...                                              
                                                  
l.227   $g$ es una operaci√≥n binaria en \mathbb
                                                {Z} que se denomina \textbf{...

? 
[44]

LaTeX Warning: Reference `prop:18' on page 45 undefined on input line 260.

[45]
Underfull \hbox (badness 10000) in paragraph at lines 310--312

 []

! Double subscript.
l.338         f(f_i(x_i,\ldots,x_w_
                                   i)) = f_i(f(x_1),\ldots, f(x_w_i)) \,
? 
! Double subscript.
l.338 ...ldots,x_w_i)) = f_i(f(x_1),\ldots, f(x_w_
                                                  i)) \,
? 
[46] [47]
Underfull \hbox (badness 10000) in paragraph at lines 430--432

 []


Underfull \hbox (badness 10000) in paragraph at lines 456--473

 []

[48] [49]
Underfull \hbox (badness 10000) in paragraph at lines 599--608

 []

[50]
Underfull \hbox (badness 10000) in paragraph at lines 632--634

 []


Underfull \hbox (badness 10000) in paragraph at lines 640--644

 []

[51] [52]
Underfull \hbox (badness 10000) in paragraph at lines 729--733

 []

[53]

! LaTeX Error: \begin{proof} on input line 767 ended by \end{proposition}.

See the LaTeX manual or LaTeX Companion for explanation.
Type  H <return>  for immediate help.
 ...                                              
                                                  
l.801 \end{proposition}
                       
? 

LaTeX Warning: Command \l invalid in math mode on input line 851.

[54]
Underfull \vbox (badness 2035) has occurred while \output is active []

 [55]
! Undefined control sequence.
l.948 \epsilon \, \forall \n
                             \geq N \}$. \\
? 
[56] [57] [58]
! Undefined control sequence.
l.1146 ...$\epsilon \in \mathbb{Q}^+$, $N \in \Bbb
                                                  {N}$ tales
? 
[59]
Underfull \hbox (badness 10000) in paragraph at lines 1164--1168

 []

! Undefined control sequence.
l.1199 ...n \mathbb{R}$ entonces $x+y \in \mathbbb
                                                  {R} \, \, \land xy
? 
! Undefined control sequence.
<argument> ...b {R}^+ & x &=0_r & -x &\in \mathhb 
                                                  {R}^+ 
l.1205       \end{align*}
                         
? 
! Undefined control sequence.
<argument> ...b {R}^+ & x &=0_r & -x &\in \mathhb 
                                                  {R}^+ 
l.1205       \end{align*}
                         
? 
[60] [61]
Underfull \hbox (badness 10000) in paragraph at lines 1326--1328

 []

[62]
Underfull \hbox (badness 10000) in paragraph at lines 1344--1347

 []


Underfull \hbox (badness 10000) in paragraph at lines 1377--1394

 []


Underfull \hbox (badness 10000) in paragraph at lines 1397--1400

 []

[63]
! Undefined control sequence.
l.1424   que existe $t \in \mahtbb
                                  {R}^+$ tal que $x \leq r \, \forall x \in
? 
) [64] (./apuntes.aux)

LaTeX Warning: There were undefined references.

Package logreq Info: Writing requests to 'apuntes.run.xml'.
\openout1 = `apuntes.run.xml'.

 )
(\end occurred inside a group at level 1)

### semi simple group (level 1) entered at line 72 (\begingroup)
### bottom level 
Here is how much of TeX's memory you used:
 15033 strings out of 482555
 253754 string characters out of 5952204
 1073512 words of memory out of 5000000
 30439 multiletter control sequences out of 15000+600000
 588313 words of font info for 145 fonts, out of 8000000 for 9000
 14 hyphenation exceptions out of 8191
 48i,10n,46p,812b,2011s stack positions out of 5000i,500n,10000p,200000b,80000s
{/usr/share/texlive/texmf-dist/fonts/enc/dvips/base/8r.enc} </h
ome/codexreckoner/.texlive2020/texmf-var/fonts/pk/ljfour/jknappen/ec/ecrm1000.6
00pk></usr/share/texlive/texmf-dist/fonts/type1/public/pxfonts/pxex.pfb></usr/s
hare/texlive/texmf-dist/fonts/type1/public/pxfonts/pxmia.pfb></usr/share/texliv
e/texmf-dist/fonts/type1/public/pxfonts/pxsy.pfb></usr/share/texlive/texmf-dist
/fonts/type1/public/pxfonts/pxsya.pfb></usr/share/texlive/texmf-dist/fonts/type
1/public/pxfonts/pxsyb.pfb></usr/share/texlive/texmf-dist/fonts/type1/public/px
fonts/pxsyc.pfb></usr/share/texlive/texmf-dist/fonts/type1/public/pxfonts/rpcxr
.pfb></usr/share/texlive/texmf-dist/fonts/type1/public/pxfonts/rpxb.pfb></usr/s
hare/texlive/texmf-dist/fonts/type1/public/pxfonts/rpxi.pfb></usr/share/texlive
/texmf-dist/fonts/type1/public/pxfonts/rpxmi.pfb></usr/share/texlive/texmf-dist
/fonts/type1/public/pxfonts/rpxr.pfb></usr/share/texlive/texmf-dist/fonts/type1
/public/pxfonts/rpxsc.pfb></usr/share/texlive/texmf-dist/fonts/type1/urw/palati
no/uplb8a.pfb></usr/share/texlive/texmf-dist/fonts/type1/urw/palatino/uplbi8a.p
fb></usr/share/texlive/texmf-dist/fonts/type1/urw/palatino/uplr8a.pfb></usr/sha
re/texlive/texmf-dist/fonts/type1/urw/palatino/uplr8a.pfb></usr/share/texlive/t
exmf-dist/fonts/type1/urw/palatino/uplri8a.pfb>
Output written on apuntes.pdf (66 pages, 302695 bytes).
PDF statistics:
 301 PDF objects out of 1000 (max. 8388607)
 203 compressed objects within 3 object streams
 0 named destinations out of 1000 (max. 500000)
 1 words of extra memory for PDF output out of 10000 (max. 10000000)

